0 info it worked if it ends with ok
1 verbose cli [ 'C:\\Program Files\\nodejs\\\\node.exe',
1 verbose cli   'C:\\Program Files\\nodejs\\node_modules\\npm\\bin\\npm-cli.js',
1 verbose cli   'install',
1 verbose cli   '-g',
1 verbose cli   'n' ]
2 info using npm@1.4.28
3 info using node@v0.10.32
4 verbose node symlink C:\Program Files\nodejs\\node.exe
5 verbose cache add [ 'n', null ]
6 verbose cache add name=undefined spec="n" args=["n",null]
7 verbose parsed url { protocol: null,
7 verbose parsed url   slashes: null,
7 verbose parsed url   auth: null,
7 verbose parsed url   host: null,
7 verbose parsed url   port: null,
7 verbose parsed url   hostname: null,
7 verbose parsed url   hash: null,
7 verbose parsed url   search: null,
7 verbose parsed url   query: null,
7 verbose parsed url   pathname: 'n',
7 verbose parsed url   path: 'n',
7 verbose parsed url   href: 'n' }
8 silly lockFile d1854cae-n n
9 verbose lock n C:\Users\ericz\AppData\Roaming\npm-cache\d1854cae-n.lock
10 silly lockFile d1854cae-n n
11 silly lockFile d1854cae-n n
12 verbose addNamed [ 'n', '' ]
13 verbose addNamed [ null, '*' ]
14 silly lockFile 6b58d7dc-n n@
15 verbose lock n@ C:\Users\ericz\AppData\Roaming\npm-cache\6b58d7dc-n.lock
16 silly addNameRange { name: 'n', range: '*', hasData: false }
17 verbose request where is /n
18 verbose request registry https://registry.npmjs.org/
19 verbose request id a46890d23d4f21c2
20 verbose url raw /n
21 verbose url resolving [ 'https://registry.npmjs.org/', './n' ]
22 verbose url resolved https://registry.npmjs.org/n
23 verbose request where is https://registry.npmjs.org/n
24 info trying registry request attempt 1 at 01:22:41
25 http GET https://registry.npmjs.org/n
26 http 200 https://registry.npmjs.org/n
27 silly registry.get cb [ 200,
27 silly registry.get   { date: 'Sun, 27 Aug 2023 05:22:41 GMT',
27 silly registry.get     'content-type': 'application/json',
27 silly registry.get     'transfer-encoding': 'chunked',
27 silly registry.get     connection: 'keep-alive',
27 silly registry.get     'cf-ray': '7fd1e0d39e8c0626-IAD',
27 silly registry.get     'cf-cache-status': 'REVALIDATED',
27 silly registry.get     'access-control-allow-origin': '*',
27 silly registry.get     'cache-control': 'public, max-age=300',
27 silly registry.get     etag: 'W/"66838103edd15ec5468ac3e0d0ba0a41"',
27 silly registry.get     'last-modified': 'Fri, 21 Jul 2023 15:33:46 GMT',
27 silly registry.get     vary: 'accept-encoding, accept',
27 silly registry.get     'x-amz-replication-status': 'FAILED',
27 silly registry.get     'x-amz-server-side-encryption': 'AES256',
27 silly registry.get     server: 'cloudflare',
27 silly registry.get     'content-encoding': 'gzip' } ]
28 silly addNameRange number 2 { name: 'n', range: '*', hasData: true }
29 silly addNameRange versions [ 'n',
29 silly addNameRange   [ '0.0.1',
29 silly addNameRange     '0.0.2',
29 silly addNameRange     '0.0.3',
29 silly addNameRange     '0.0.4',
29 silly addNameRange     '0.1.0',
29 silly addNameRange     '0.1.1',
29 silly addNameRange     '0.1.2',
29 silly addNameRange     '0.2.0',
29 silly addNameRange     '0.2.1',
29 silly addNameRange     '0.2.2',
29 silly addNameRange     '0.3.0',
29 silly addNameRange     '0.4.0',
29 silly addNameRange     '0.4.1',
29 silly addNameRange     '0.4.2',
29 silly addNameRange     '0.5.0',
29 silly addNameRange     '0.5.1',
29 silly addNameRange     '0.5.2',
29 silly addNameRange     '0.5.3',
29 silly addNameRange     '0.5.4',
29 silly addNameRange     '0.6.0',
29 silly addNameRange     '0.6.1',
29 silly addNameRange     '0.7.0',
29 silly addNameRange     '0.7.1',
29 silly addNameRange     '0.7.2',
29 silly addNameRange     '0.7.3',
29 silly addNameRange     '0.8.0',
29 silly addNameRange     '0.8.1',
29 silly addNameRange     '0.8.2',
29 silly addNameRange     '0.9.0',
29 silly addNameRange     '0.9.1',
29 silly addNameRange     '0.9.2',
29 silly addNameRange     '0.9.3',
29 silly addNameRange     '1.0.0',
29 silly addNameRange     '1.1.0',
29 silly addNameRange     '1.2.1',
29 silly addNameRange     '1.2.2',
29 silly addNameRange     '1.2.3',
29 silly addNameRange     '1.2.4',
29 silly addNameRange     '1.2.5',
29 silly addNameRange     '1.2.6',
29 silly addNameRange     '1.2.7',
29 silly addNameRange     '1.2.8',
29 silly addNameRange     '1.2.9',
29 silly addNameRange     '1.2.11',
29 silly addNameRange     '1.2.13',
29 silly addNameRange     '1.2.14',
29 silly addNameRange     '1.3.0',
29 silly addNameRange     '1.4.0',
29 silly addNameRange     '2.0.0',
29 silly addNameRange     '1.4.1',
29 silly addNameRange     '2.0.1',
29 silly addNameRange     '1.4.2',
29 silly addNameRange     '2.0.2',
29 silly addNameRange     '2.1.0',
29 silly addNameRange     '2.1.1',
29 silly addNameRange     '2.1.2',
29 silly addNameRange     '2.1.3',
29 silly addNameRange     '2.1.4',
29 silly addNameRange     '2.1.5',
29 silly addNameRange     '2.1.6',
29 silly addNameRange     '2.1.7',
29 silly addNameRange     '2.1.8',
29 silly addNameRange     '2.1.9',
29 silly addNameRange     '2.1.10',
29 silly addNameRange     '2.1.11',
29 silly addNameRange     '2.1.12',
29 silly addNameRange     '3.0.0',
29 silly addNameRange     '3.0.1',
29 silly addNameRange     '3.0.2',
29 silly addNameRange     '4.0.0',
29 silly addNameRange     '4.1.0',
29 silly addNameRange     '5.0.0-next.0',
29 silly addNameRange     '5.0.0',
29 silly addNameRange     '5.0.1',
29 silly addNameRange     '5.0.2',
29 silly addNameRange     '6.0.0-0',
29 silly addNameRange     '6.0.0-1',
29 silly addNameRange     '6.0.0',
29 silly addNameRange     '6.0.1',
29 silly addNameRange     '6.1.0',
29 silly addNameRange     '6.1.1',
29 silly addNameRange     '6.1.2',
29 silly addNameRange     '6.1.3',
29 silly addNameRange     '6.2.0',
29 silly addNameRange     '6.3.0',
29 silly addNameRange     '6.3.1',
29 silly addNameRange     '6.4.0',
29 silly addNameRange     '6.5.0',
29 silly addNameRange     '6.5.1',
29 silly addNameRange     '6.6.0',
29 silly addNameRange     '6.7.0',
29 silly addNameRange     '6.7.1',
29 silly addNameRange     '6.8.0',
29 silly addNameRange     '7.0.0',
29 silly addNameRange     '7.0.1',
29 silly addNameRange     '7.0.2',
29 silly addNameRange     '7.1.0',
29 silly addNameRange     '7.2.0',
29 silly addNameRange     '7.2.1',
29 silly addNameRange     '7.2.2',
29 silly addNameRange     '7.3.0',
29 silly addNameRange     '7.3.1',
29 silly addNameRange     '7.4.0',
29 silly addNameRange     '7.4.1',
29 silly addNameRange     '7.5.0',
29 silly addNameRange     '8.0.0',
29 silly addNameRange     '8.0.1',
29 silly addNameRange     '8.0.2',
29 silly addNameRange     '8.1.0',
29 silly addNameRange     '8.2.0',
29 silly addNameRange     '9.0.0',
29 silly addNameRange     '9.0.1',
29 silly addNameRange     '9.1.0' ] ]
30 verbose addNamed [ 'n', '9.1.0' ]
31 verbose addNamed [ '9.1.0', '9.1.0' ]
32 silly lockFile 5be66a3d-n-9-1-0 n@9.1.0
33 verbose lock n@9.1.0 C:\Users\ericz\AppData\Roaming\npm-cache\5be66a3d-n-9-1-0.lock
34 silly lockFile 3dd82be1-registry-npmjs-org-n-n-9-1-0-tgz https://registry.npmjs.org/n/-/n-9.1.0.tgz
35 verbose lock https://registry.npmjs.org/n/-/n-9.1.0.tgz C:\Users\ericz\AppData\Roaming\npm-cache\3dd82be1-registry-npmjs-org-n-n-9-1-0-tgz.lock
36 verbose addRemoteTarball [ 'https://registry.npmjs.org/n/-/n-9.1.0.tgz',
36 verbose addRemoteTarball   'c60fd42281cdd44e41f84a137d526425d1dd5769' ]
37 info retry fetch attempt 1 at 01:22:41
38 verbose fetch to= C:\Users\ericz\AppData\Local\Temp\npm-8680-P9df-FlL\registry.npmjs.org\n\-\n-9.1.0.tgz
39 http GET https://registry.npmjs.org/n/-/n-9.1.0.tgz
40 http 200 https://registry.npmjs.org/n/-/n-9.1.0.tgz
41 silly lockFile 3dd82be1-registry-npmjs-org-n-n-9-1-0-tgz https://registry.npmjs.org/n/-/n-9.1.0.tgz
42 silly lockFile 3dd82be1-registry-npmjs-org-n-n-9-1-0-tgz https://registry.npmjs.org/n/-/n-9.1.0.tgz
43 silly lockFile 5be66a3d-n-9-1-0 n@9.1.0
44 silly lockFile 5be66a3d-n-9-1-0 n@9.1.0
45 silly lockFile 6b58d7dc-n n@
46 silly lockFile 6b58d7dc-n n@
47 silly resolved [ { name: 'n',
47 silly resolved     description: 'Interactively Manage All Your Node Versions',
47 silly resolved     version: '9.1.0',
47 silly resolved     author: { name: 'TJ Holowaychuk', email: 'tj@vision-media.ca' },
47 silly resolved     homepage: 'https://github.com/tj/n',
47 silly resolved     bugs: { url: 'https://github.com/tj/n/issues' },
47 silly resolved     contributors: [ [Object] ],
47 silly resolved     keywords:
47 silly resolved      [ 'nvm',
47 silly resolved        'node',
47 silly resolved        'version',
47 silly resolved        'manager',
47 silly resolved        'switcher',
47 silly resolved        'node',
47 silly resolved        'binary',
47 silly resolved        'env' ],
47 silly resolved     bin: { n: 'bin/n' },
47 silly resolved     repository: { type: 'git', url: 'git://github.com/tj/n.git' },
47 silly resolved     scripts: { test: 'test/bin/run-all-tests' },
47 silly resolved     devDependencies:
47 silly resolved      { bats: '^1.2.1',
47 silly resolved        'bats-assert': 'github:bats-core/bats-assert',
47 silly resolved        'bats-support': 'github:bats-core/bats-support' },
47 silly resolved     preferGlobal: true,
47 silly resolved     os: [ '!win32' ],
47 silly resolved     engines: { node: '*' },
47 silly resolved     license: 'MIT',
47 silly resolved     gitHead: '02a8fe0c540576e0108b4e6f1797f2e71bc3dffc',
47 silly resolved     _id: 'n@9.1.0',
47 silly resolved     _nodeVersion: '16.20.0',
47 silly resolved     _npmVersion: '8.19.4',
47 silly resolved     dist:
47 silly resolved      { integrity: 'sha512-fFezMcaE/xD1UXIeC1vKgxzCrAwOjlj4AaX3x7slEdxA/NTQhFKK2JK7iU1d897xf5dJyv8HDrDzk83PEkaZAA==',
47 silly resolved        shasum: 'c60fd42281cdd44e41f84a137d526425d1dd5769',
47 silly resolved        tarball: 'https://registry.npmjs.org/n/-/n-9.1.0.tgz',
47 silly resolved        fileCount: 4,
47 silly resolved        unpackedSize: 62733,
47 silly resolved        signatures: [Object],
47 silly resolved        'npm-signature': '-----BEGIN PGP SIGNATURE-----\r\nVersion: OpenPGP.js v4.10.10\r\nComment: https://openpgpjs.org\r\n\r\nwsFzBAEBCAAGBQJkOjuXACEJED1NWxICdlZqFiEECWMYAoorWMhJKdjhPU1b\r\nEgJ2VmrMIRAAnoDuZAV6U/ZWlQYc2e8c7Wi3kXn14uJOH2UnoQB/xqGrAYyc\r\nBV5OmTxq2EMsLEOgBsTWWxAHekMuTOKnjoaKpOpzQAZgG3XKujli2Oq3ey6v\r\nDg3bG3NhG/ODohDQVZZD4DUGrwBYnEd300csSrW9OWq03pjyrRDKDOWcZy1b\r\n5YqFNvWPEZD4xvhzMqPeFKcQ349QTi63H7j7VZswC4nzKDiQuACUo6NJVe1R\r\n0z916ww0nlkSB2rkKq2cALLCptp9biHAGK1r837sZfP0QXES7IQI4eRp8h6h\r\nXGm8X+HNuHwK+N8rV2j4AkTM6BfNVE98+i2rs6iIVMwJQ+YTHHR6IkwmKnnN\r\nVfzNwOyW1fuhGauXKozjGu3XdcNJb9dlMHFjf52mWFEVRQpc7nl7j5knOqSG\r\nyvw1tgKBFI6N5pK+54Rfmon7AARs4ZX6J7KyOzXoDRnDEl/teDdzpMujtLVL\r\nLehWbyy1DxikkoW3np9GbwGbPf6RCz9rG2jUA3va6M578GaakFViPL8Oq178\r\nWeDj/6T6Ps34/iD6SzkFmb+YsB5RgipM2neDw3wgukn3Aw24RH/aNj7tMIvX\r\nwDOBvL9VBv5l2ppZqZ7o1w4zpkSUzV3tiCayoSJcCTAjBXsd0lojIfiSwX12\r\nUz2MPTUeNHZcgtBcCQsdGb886XSDg6ECazc=\r\n=xkzf\r\n-----END PGP SIGNATURE-----\r\n' },
47 silly resolved     _npmUser: { name: 'shadowspawn', email: 'npm_j@ruru.gen.nz' },
47 silly resolved     directories: {},
47 silly resolved     maintainers: [ [Object], [Object], [Object] ],
47 silly resolved     _npmOperationalInternal:
47 silly resolved      { host: 's3://npm-registry-packages',
47 silly resolved        tmp: 'tmp/n_9.1.0_1681537943564_0.07881971621088524' },
47 silly resolved     _hasShrinkwrap: false,
47 silly resolved     _shasum: 'c60fd42281cdd44e41f84a137d526425d1dd5769',
47 silly resolved     _from: 'n@',
47 silly resolved     _resolved: 'https://registry.npmjs.org/n/-/n-9.1.0.tgz' } ]
48 info install n@9.1.0 into C:\Program Files\nodejs
49 info installOne n@9.1.0
50 error notsup Unsupported
50 error notsup Not compatible with your operating system or architecture: n@9.1.0
50 error notsup Valid OS:    !win32
50 error notsup Valid Arch:  any
50 error notsup Actual OS:   win32
50 error notsup Actual Arch: x64
51 error System Windows_NT 6.2.9200
52 error command "C:\\Program Files\\nodejs\\\\node.exe" "C:\\Program Files\\nodejs\\node_modules\\npm\\bin\\npm-cli.js" "install" "-g" "n"
53 error cwd C:\Users\ericz\repos\testapi
54 error node -v v0.10.32
55 error npm -v 1.4.28
56 error code EBADPLATFORM
57 verbose exit [ 1, true ]
